# JRE version: OpenJDK Runtime Environment (17.0.16+8) (build 17.0.16+8-Ubuntu-0ubuntu124.04.1)
# Java VM: OpenJDK 64-Bit Server VM (17.0.16+8-Ubuntu-0ubuntu124.04.1, mixed mode, sharing, tiered, compressed oops, compressed class ptrs, g1 gc, linux-amd64)
Heap:
 garbage-first heap   total 24576K, used 8504K [0x0000000084c00000, 0x0000000100000000)
  region size 1024K, 5 young (5120K), 1 survivors (1024K)
 Metaspace       used 9949K, committed 10176K, reserved 1114112K
  class space    used 790K, committed 896K, reserved 1048576K
GC Heap History (12 events):
Event: 0.808 GC heap before
{Heap before GC invocations=0 (full 0):
 garbage-first heap   total 129024K, used 14260K [0x0000000084c00000, 0x0000000100000000)
  region size 1024K, 13 young (13312K), 0 survivors (0K)
 Metaspace       used 6142K, committed 6464K, reserved 1114112K
  class space    used 539K, committed 704K, reserved 1048576K
}
Event: 0.811 GC heap after
{Heap after GC invocations=1 (full 0):
 garbage-first heap   total 129024K, used 2919K [0x0000000084c00000, 0x0000000100000000)
  region size 1024K, 2 young (2048K), 2 survivors (2048K)
 Metaspace       used 6142K, committed 6464K, reserved 1114112K
  class space    used 539K, committed 704K, reserved 1048576K
}
Event: 1.269 GC heap before
{Heap before GC invocations=1 (full 0):
 garbage-first heap   total 129024K, used 15207K [0x0000000084c00000, 0x0000000100000000)
  region size 1024K, 14 young (14336K), 2 survivors (2048K)
 Metaspace       used 9296K, committed 9472K, reserved 1114112K
  class space    used 772K, committed 896K, reserved 1048576K
}
Event: 1.276 GC heap after
{Heap after GC invocations=2 (full 1):
 garbage-first heap   total 24576K, used 4117K [0x0000000084c00000, 0x0000000100000000)
  region size 1024K, 0 young (0K), 0 survivors (0K)
 Metaspace       used 9296K, committed 9472K, reserved 1114112K
  class space    used 772K, committed 896K, reserved 1048576K
}
Event: 63.590 GC heap before
{Heap before GC invocations=2 (full 1):
 garbage-first heap   total 24576K, used 12309K [0x0000000084c00000, 0x0000000100000000)
  region size 1024K, 8 young (8192K), 0 survivors (0K)
 Metaspace       used 9876K, committed 10048K, reserved 1114112K
  class space    used 788K, committed 896K, reserved 1048576K
}
Event: 63.591 GC heap after
{Heap after GC invocations=3 (full 1):
 garbage-first heap   total 24576K, used 4386K [0x0000000084c00000, 0x0000000100000000)
  region size 1024K, 1 young (1024K), 1 survivors (1024K)
 Metaspace       used 9876K, committed 10048K, reserved 1114112K
  class space    used 788K, committed 896K, reserved 1048576K
}
Event: 115.470 GC heap before
{Heap before GC invocations=3 (full 1):
 garbage-first heap   total 24576K, used 12578K [0x0000000084c00000, 0x0000000100000000)
  region size 1024K, 9 young (9216K), 1 survivors (1024K)
 Metaspace       used 9889K, committed 10112K, reserved 1114112K
  class space    used 788K, committed 896K, reserved 1048576K
}
Event: 115.470 GC heap after
{Heap after GC invocations=4 (full 1):
 garbage-first heap   total 24576K, used 4349K [0x0000000084c00000, 0x0000000100000000)
  region size 1024K, 1 young (1024K), 1 survivors (1024K)
 Metaspace       used 9889K, committed 10112K, reserved 1114112K
  class space    used 788K, committed 896K, reserved 1048576K
}
Event: 178.869 GC heap before
{Heap before GC invocations=4 (full 1):
 garbage-first heap   total 24576K, used 13565K [0x0000000084c00000, 0x0000000100000000)
  region size 1024K, 10 young (10240K), 1 survivors (1024K)
 Metaspace       used 9890K, committed 10112K, reserved 1114112K
  class space    used 788K, committed 896K, reserved 1048576K
}
Event: 178.870 GC heap after
{Heap after GC invocations=5 (full 1):
 garbage-first heap   total 24576K, used 4335K [0x0000000084c00000, 0x0000000100000000)
  region size 1024K, 1 young (1024K), 1 survivors (1024K)
 Metaspace       used 9890K, committed 10112K, reserved 1114112K
  class space    used 788K, committed 896K, reserved 1048576K
}
Event: 243.633 GC heap before
{Heap before GC invocations=5 (full 1):
 garbage-first heap   total 24576K, used 14575K [0x0000000084c00000, 0x0000000100000000)
  region size 1024K, 11 young (11264K), 1 survivors (1024K)
 Metaspace       used 9907K, committed 10112K, reserved 1114112K
  class space    used 788K, committed 896K, reserved 1048576K
}
Event: 243.635 GC heap after
{Heap after GC invocations=6 (full 1):
 garbage-first heap   total 24576K, used 5040K [0x0000000084c00000, 0x0000000100000000)
  region size 1024K, 1 young (1024K), 1 survivors (1024K)
 Metaspace       used 9907K, committed 10112K, reserved 1114112K
  class space    used 788K, committed 896K, reserved 1048576K
}

